mode: set
github.com/gardener/etcd-druid/api/v1alpha1/etcd_types.go:322.13,324.2 1 1
github.com/gardener/etcd-druid/api/v1alpha1/zz_generated.deepcopy.go:28.53,30.20 2 0
github.com/gardener/etcd-druid/api/v1alpha1/zz_generated.deepcopy.go:35.2,35.19 1 0
github.com/gardener/etcd-druid/api/v1alpha1/zz_generated.deepcopy.go:40.2,40.21 1 0
github.com/gardener/etcd-druid/api/v1alpha1/zz_generated.deepcopy.go:45.2,45.21 1 0
github.com/gardener/etcd-druid/api/v1alpha1/zz_generated.deepcopy.go:50.2,50.25 1 0
github.com/gardener/etcd-druid/api/v1alpha1/zz_generated.deepcopy.go:55.2,55.36 1 0
github.com/gardener/etcd-druid/api/v1alpha1/zz_generated.deepcopy.go:60.2,60.39 1 0
github.com/gardener/etcd-druid/api/v1alpha1/zz_generated.deepcopy.go:65.2,65.39 1 0
github.com/gardener/etcd-druid/api/v1alpha1/zz_generated.deepcopy.go:70.2,70.35 1 0
github.com/gardener/etcd-druid/api/v1alpha1/zz_generated.deepcopy.go:75.2,75.40 1 0
github.com/gardener/etcd-druid/api/v1alpha1/zz_generated.deepcopy.go:30.20,34.3 3 0
github.com/gardener/etcd-druid/api/v1alpha1/zz_generated.deepcopy.go:35.19,39.3 3 0
github.com/gardener/etcd-druid/api/v1alpha1/zz_generated.deepcopy.go:40.21,44.3 3 0
github.com/gardener/etcd-druid/api/v1alpha1/zz_generated.deepcopy.go:45.21,49.3 3 0
github.com/gardener/etcd-druid/api/v1alpha1/zz_generated.deepcopy.go:50.25,54.3 3 0
github.com/gardener/etcd-druid/api/v1alpha1/zz_generated.deepcopy.go:55.36,59.3 3 0
github.com/gardener/etcd-druid/api/v1alpha1/zz_generated.deepcopy.go:60.39,64.3 3 0
github.com/gardener/etcd-druid/api/v1alpha1/zz_generated.deepcopy.go:65.39,69.3 3 0
github.com/gardener/etcd-druid/api/v1alpha1/zz_generated.deepcopy.go:70.35,74.3 3 0
github.com/gardener/etcd-druid/api/v1alpha1/zz_generated.deepcopy.go:75.40,79.3 3 0
github.com/gardener/etcd-druid/api/v1alpha1/zz_generated.deepcopy.go:83.46,84.15 1 0
github.com/gardener/etcd-druid/api/v1alpha1/zz_generated.deepcopy.go:87.2,89.12 3 0
github.com/gardener/etcd-druid/api/v1alpha1/zz_generated.deepcopy.go:84.15,86.3 1 0
github.com/gardener/etcd-druid/api/v1alpha1/zz_generated.deepcopy.go:93.51,97.2 3 0
github.com/gardener/etcd-druid/api/v1alpha1/zz_generated.deepcopy.go:100.44,101.15 1 0
github.com/gardener/etcd-druid/api/v1alpha1/zz_generated.deepcopy.go:104.2,106.12 3 0
github.com/gardener/etcd-druid/api/v1alpha1/zz_generated.deepcopy.go:101.15,103.3 1 0
github.com/gardener/etcd-druid/api/v1alpha1/zz_generated.deepcopy.go:110.87,112.2 1 0
github.com/gardener/etcd-druid/api/v1alpha1/zz_generated.deepcopy.go:115.80,116.15 1 0
github.com/gardener/etcd-druid/api/v1alpha1/zz_generated.deepcopy.go:119.2,121.12 3 0
github.com/gardener/etcd-druid/api/v1alpha1/zz_generated.deepcopy.go:116.15,118.3 1 0
github.com/gardener/etcd-druid/api/v1alpha1/zz_generated.deepcopy.go:125.41,131.2 5 0
github.com/gardener/etcd-druid/api/v1alpha1/zz_generated.deepcopy.go:134.34,135.15 1 0
github.com/gardener/etcd-druid/api/v1alpha1/zz_generated.deepcopy.go:138.2,140.12 3 0
github.com/gardener/etcd-druid/api/v1alpha1/zz_generated.deepcopy.go:135.15,137.3 1 0
github.com/gardener/etcd-druid/api/v1alpha1/zz_generated.deepcopy.go:144.49,145.34 1 0
github.com/gardener/etcd-druid/api/v1alpha1/zz_generated.deepcopy.go:148.2,148.12 1 0
github.com/gardener/etcd-druid/api/v1alpha1/zz_generated.deepcopy.go:145.34,147.3 1 0
github.com/gardener/etcd-druid/api/v1alpha1/zz_generated.deepcopy.go:152.53,154.21 2 0
github.com/gardener/etcd-druid/api/v1alpha1/zz_generated.deepcopy.go:159.2,159.39 1 0
github.com/gardener/etcd-druid/api/v1alpha1/zz_generated.deepcopy.go:164.2,164.26 1 0
github.com/gardener/etcd-druid/api/v1alpha1/zz_generated.deepcopy.go:169.2,169.26 1 0
github.com/gardener/etcd-druid/api/v1alpha1/zz_generated.deepcopy.go:174.2,174.21 1 0
github.com/gardener/etcd-druid/api/v1alpha1/zz_generated.deepcopy.go:179.2,179.29 1 0
github.com/gardener/etcd-druid/api/v1alpha1/zz_generated.deepcopy.go:184.2,184.23 1 0
github.com/gardener/etcd-druid/api/v1alpha1/zz_generated.deepcopy.go:189.2,189.25 1 0
github.com/gardener/etcd-druid/api/v1alpha1/zz_generated.deepcopy.go:194.2,194.19 1 0
github.com/gardener/etcd-druid/api/v1alpha1/zz_generated.deepcopy.go:154.21,158.3 3 0
github.com/gardener/etcd-druid/api/v1alpha1/zz_generated.deepcopy.go:159.39,163.3 3 0
github.com/gardener/etcd-druid/api/v1alpha1/zz_generated.deepcopy.go:164.26,168.3 3 0
github.com/gardener/etcd-druid/api/v1alpha1/zz_generated.deepcopy.go:169.26,173.3 3 0
github.com/gardener/etcd-druid/api/v1alpha1/zz_generated.deepcopy.go:174.21,178.3 3 0
github.com/gardener/etcd-druid/api/v1alpha1/zz_generated.deepcopy.go:179.29,183.3 3 0
github.com/gardener/etcd-druid/api/v1alpha1/zz_generated.deepcopy.go:184.23,188.3 3 0
github.com/gardener/etcd-druid/api/v1alpha1/zz_generated.deepcopy.go:189.25,193.3 3 0
github.com/gardener/etcd-druid/api/v1alpha1/zz_generated.deepcopy.go:194.19,198.3 3 0
github.com/gardener/etcd-druid/api/v1alpha1/zz_generated.deepcopy.go:202.46,203.15 1 0
github.com/gardener/etcd-druid/api/v1alpha1/zz_generated.deepcopy.go:206.2,208.12 3 0
github.com/gardener/etcd-druid/api/v1alpha1/zz_generated.deepcopy.go:203.15,205.3 1 0
github.com/gardener/etcd-druid/api/v1alpha1/zz_generated.deepcopy.go:212.49,216.21 4 0
github.com/gardener/etcd-druid/api/v1alpha1/zz_generated.deepcopy.go:216.21,219.22 3 0
github.com/gardener/etcd-druid/api/v1alpha1/zz_generated.deepcopy.go:219.22,221.4 1 0
github.com/gardener/etcd-druid/api/v1alpha1/zz_generated.deepcopy.go:226.42,227.15 1 0
github.com/gardener/etcd-druid/api/v1alpha1/zz_generated.deepcopy.go:230.2,232.12 3 0
github.com/gardener/etcd-druid/api/v1alpha1/zz_generated.deepcopy.go:227.15,229.3 1 0
github.com/gardener/etcd-druid/api/v1alpha1/zz_generated.deepcopy.go:236.53,237.34 1 0
github.com/gardener/etcd-druid/api/v1alpha1/zz_generated.deepcopy.go:240.2,240.12 1 0
github.com/gardener/etcd-druid/api/v1alpha1/zz_generated.deepcopy.go:237.34,239.3 1 0
github.com/gardener/etcd-druid/api/v1alpha1/zz_generated.deepcopy.go:244.49,246.24 2 0
github.com/gardener/etcd-druid/api/v1alpha1/zz_generated.deepcopy.go:251.2,251.22 1 0
github.com/gardener/etcd-druid/api/v1alpha1/zz_generated.deepcopy.go:258.2,258.27 1 0
github.com/gardener/etcd-druid/api/v1alpha1/zz_generated.deepcopy.go:265.2,267.33 3 0
github.com/gardener/etcd-druid/api/v1alpha1/zz_generated.deepcopy.go:272.2,272.28 1 0
github.com/gardener/etcd-druid/api/v1alpha1/zz_generated.deepcopy.go:277.2,277.31 1 0
github.com/gardener/etcd-druid/api/v1alpha1/zz_generated.deepcopy.go:282.2,282.35 1 0
github.com/gardener/etcd-druid/api/v1alpha1/zz_generated.deepcopy.go:246.24,250.3 3 0
github.com/gardener/etcd-druid/api/v1alpha1/zz_generated.deepcopy.go:251.22,254.29 3 0
github.com/gardener/etcd-druid/api/v1alpha1/zz_generated.deepcopy.go:254.29,256.4 1 0
github.com/gardener/etcd-druid/api/v1alpha1/zz_generated.deepcopy.go:258.27,261.29 3 0
github.com/gardener/etcd-druid/api/v1alpha1/zz_generated.deepcopy.go:261.29,263.4 1 0
github.com/gardener/etcd-druid/api/v1alpha1/zz_generated.deepcopy.go:267.33,271.3 3 0
github.com/gardener/etcd-druid/api/v1alpha1/zz_generated.deepcopy.go:272.28,276.3 3 0
github.com/gardener/etcd-druid/api/v1alpha1/zz_generated.deepcopy.go:277.31,281.3 3 0
github.com/gardener/etcd-druid/api/v1alpha1/zz_generated.deepcopy.go:282.35,286.3 3 0
github.com/gardener/etcd-druid/api/v1alpha1/zz_generated.deepcopy.go:290.42,291.15 1 0
github.com/gardener/etcd-druid/api/v1alpha1/zz_generated.deepcopy.go:294.2,296.12 3 0
github.com/gardener/etcd-druid/api/v1alpha1/zz_generated.deepcopy.go:291.15,293.3 1 0
github.com/gardener/etcd-druid/api/v1alpha1/zz_generated.deepcopy.go:300.53,302.34 2 0
github.com/gardener/etcd-druid/api/v1alpha1/zz_generated.deepcopy.go:307.2,308.26 2 0
github.com/gardener/etcd-druid/api/v1alpha1/zz_generated.deepcopy.go:315.2,315.27 1 0
github.com/gardener/etcd-druid/api/v1alpha1/zz_generated.deepcopy.go:320.2,320.25 1 0
github.com/gardener/etcd-druid/api/v1alpha1/zz_generated.deepcopy.go:325.2,325.21 1 0
github.com/gardener/etcd-druid/api/v1alpha1/zz_generated.deepcopy.go:330.2,330.29 1 0
github.com/gardener/etcd-druid/api/v1alpha1/zz_generated.deepcopy.go:302.34,306.3 3 0
github.com/gardener/etcd-druid/api/v1alpha1/zz_generated.deepcopy.go:308.26,311.22 3 0
github.com/gardener/etcd-druid/api/v1alpha1/zz_generated.deepcopy.go:311.22,313.4 1 0
github.com/gardener/etcd-druid/api/v1alpha1/zz_generated.deepcopy.go:315.27,319.3 3 0
github.com/gardener/etcd-druid/api/v1alpha1/zz_generated.deepcopy.go:320.25,324.3 3 0
github.com/gardener/etcd-druid/api/v1alpha1/zz_generated.deepcopy.go:325.21,329.3 3 0
github.com/gardener/etcd-druid/api/v1alpha1/zz_generated.deepcopy.go:330.29,334.3 3 0
github.com/gardener/etcd-druid/api/v1alpha1/zz_generated.deepcopy.go:338.46,339.15 1 0
github.com/gardener/etcd-druid/api/v1alpha1/zz_generated.deepcopy.go:342.2,344.12 3 0
github.com/gardener/etcd-druid/api/v1alpha1/zz_generated.deepcopy.go:339.15,341.3 1 0
github.com/gardener/etcd-druid/api/v1alpha1/zz_generated.deepcopy.go:348.59,351.2 2 0
github.com/gardener/etcd-druid/api/v1alpha1/zz_generated.deepcopy.go:354.52,355.15 1 0
github.com/gardener/etcd-druid/api/v1alpha1/zz_generated.deepcopy.go:358.2,360.12 3 0
github.com/gardener/etcd-druid/api/v1alpha1/zz_generated.deepcopy.go:355.15,357.3 1 0
github.com/gardener/etcd-druid/api/v1alpha1/zz_generated.deepcopy.go:364.51,366.25 2 0
github.com/gardener/etcd-druid/api/v1alpha1/zz_generated.deepcopy.go:371.2,371.24 1 0
github.com/gardener/etcd-druid/api/v1alpha1/zz_generated.deepcopy.go:376.2,376.25 1 0
github.com/gardener/etcd-druid/api/v1alpha1/zz_generated.deepcopy.go:366.25,370.3 3 0
github.com/gardener/etcd-druid/api/v1alpha1/zz_generated.deepcopy.go:371.24,375.3 3 0
github.com/gardener/etcd-druid/api/v1alpha1/zz_generated.deepcopy.go:376.25,380.3 3 0
github.com/gardener/etcd-druid/api/v1alpha1/zz_generated.deepcopy.go:384.44,385.15 1 0
github.com/gardener/etcd-druid/api/v1alpha1/zz_generated.deepcopy.go:388.2,390.12 3 0
github.com/gardener/etcd-druid/api/v1alpha1/zz_generated.deepcopy.go:385.15,387.3 1 0
github.com/gardener/etcd-druid/api/v1alpha1/zz_generated.deepcopy.go:394.51,399.2 4 0
github.com/gardener/etcd-druid/api/v1alpha1/zz_generated.deepcopy.go:402.44,403.15 1 0
github.com/gardener/etcd-druid/api/v1alpha1/zz_generated.deepcopy.go:406.2,408.12 3 0
github.com/gardener/etcd-druid/api/v1alpha1/zz_generated.deepcopy.go:403.15,405.3 1 0
